<?xml version="1.0" encoding="UTF-8"?>
<!-- Generated by org.testng.reporters.JUnitXMLReporter -->
<testsuite hostname="ip-172-31-86-107" ignored="5" name="Test" tests="4" failures="0" timestamp="22 Dec 2021 07:37:21 GMT" time="2.608" errors="0">
  <testcase name="login" time="0.318" classname="test.LoginTest"/>
  <testcase name="AddProduct" time="0.634" classname="test.AddProductTest"/>
  <testcase name="checkout" time="0.299" classname="test.CheckOutTest"/>
  <testcase name="payment" time="0.27" classname="test.PaymentTest"/>
  <testcase name="singup" time="0.0" classname="test.SignUpTest">
    <ignored/>
  </testcase> <!-- singup -->
  <testcase name="@BeforeTest setUp" time="0.0" classname="test.BaseClass">
    <ignored/>
  </testcase> <!-- @BeforeTest setUp -->
  <testcase name="@BeforeTest setUp" time="0.0" classname="test.BaseClass">
    <ignored/>
  </testcase> <!-- @BeforeTest setUp -->
  <testcase name="@AfterTest teardown" time="0.0" classname="test.BaseClass">
    <ignored/>
  </testcase> <!-- @AfterTest teardown -->
  <testcase name="@AfterTest teardown" time="0.0" classname="test.BaseClass">
    <ignored/>
  </testcase> <!-- @AfterTest teardown -->
</testsuite> <!-- Test -->
