<?xml version="1.0" encoding="UTF-8"?>
<testng-results skipped="0" failed="0" ignored="5" total="9" passed="4">
  <reporter-output>
  </reporter-output>
  <suite name="Suite" duration-ms="2608" started-at="2021-12-22T07:37:18Z" finished-at="2021-12-22T07:37:21Z">
    <groups>
    </groups>
    <test name="Test" duration-ms="2608" started-at="2021-12-22T07:37:18Z" finished-at="2021-12-22T07:37:21Z">
      <class name="test.PaymentTest">
        <test-method status="PASS" signature="payment()[pri:0, instance:test.PaymentTest@cb0ed20]" name="payment" duration-ms="270" started-at="2021-12-22T07:37:21Z" finished-at="2021-12-22T07:37:21Z">
          <reporter-output>
          </reporter-output>
        </test-method> <!-- payment -->
      </class> <!-- test.PaymentTest -->
      <class name="test.SignUpTest">
        <test-method status="PASS" signature="setUp()[pri:0, instance:test.SignUpTest@64f6106c]" name="setUp" is-config="true" duration-ms="1066" started-at="2021-12-22T07:37:18Z" finished-at="2021-12-22T07:37:19Z">
          <reporter-output>
          </reporter-output>
        </test-method> <!-- setUp -->
        <test-method status="PASS" signature="teardown()[pri:0, instance:test.SignUpTest@64f6106c]" name="teardown" is-config="true" duration-ms="0" started-at="2021-12-22T07:37:21Z" finished-at="2021-12-22T07:37:21Z">
          <reporter-output>
          </reporter-output>
        </test-method> <!-- teardown -->
      </class> <!-- test.SignUpTest -->
      <class name="test.LoginTest">
        <test-method status="PASS" signature="login(java.lang.String, java.lang.String)[pri:0, instance:test.LoginTest@553a3d88]" name="login" duration-ms="318" started-at="2021-12-22T07:37:19Z" finished-at="2021-12-22T07:37:20Z">
          <params>
            <param index="0">
              <value>
                <![CDATA[aniket8061@gmail.com]]>
              </value>
            </param>
            <param index="1">
              <value>
                <![CDATA[abcd123]]>
              </value>
            </param>
          </params>
          <reporter-output>
          </reporter-output>
        </test-method> <!-- login -->
      </class> <!-- test.LoginTest -->
      <class name="test.CheckOutTest">
        <test-method status="PASS" signature="checkout()[pri:0, instance:test.CheckOutTest@5891e32e]" name="checkout" duration-ms="299" started-at="2021-12-22T07:37:20Z" finished-at="2021-12-22T07:37:21Z">
          <reporter-output>
          </reporter-output>
        </test-method> <!-- checkout -->
      </class> <!-- test.CheckOutTest -->
      <class name="test.AddProductTest">
        <test-method status="PASS" signature="AddProduct()[pri:0, instance:test.AddProductTest@7a30d1e6]" name="AddProduct" duration-ms="634" started-at="2021-12-22T07:37:20Z" finished-at="2021-12-22T07:37:20Z">
          <reporter-output>
          </reporter-output>
        </test-method> <!-- AddProduct -->
      </class> <!-- test.AddProductTest -->
    </test> <!-- Test -->
  </suite> <!-- Suite -->
</testng-results>
